<?xml version="1.0" encoding="UTF-8"?>
<testsuite xmlns:xsi="http://www.w3.org/2001/XMLSchema-instance" xsi:noNamespaceSchemaLocation="https://maven.apache.org/surefire/maven-surefire-plugin/xsd/surefire-test-report.xsd" version="3.0.2" name="com.episim.engine.SimulationEngineStateTransitionTest" time="0.394" tests="5" errors="0" skipped="0" failures="0">
  <properties>
[...]
</properties>
  <testcase name="infectedPersonIsQueuedInsteadOfAdmittedWhenNoHospitalBedsAreAvailable" classname="com.episim.engine.SimulationEngineStateTransitionTest" time="0.317">
    <system-err><![CDATA[SLF4J: Failed to load class "org.slf4j.impl.StaticLoggerBinder".
SLF4J: Defaulting to no-operation (NOP) logger implementation
SLF4J: See http://www.slf4j.org/codes.html#StaticLoggerBinder for further details.
]]></system-err>
  </testcase>
  <testcase name="infectedPersonRecoversAfterInfectiousDaysWhenMortalityRateIsZero" classname="com.episim.engine.SimulationEngineStateTransitionTest" time="0.013"/>
  <testcase name="runAllCompletesTheConfiguredNumberOfDaysAndMarksTheEngineFinished" classname="com.episim.engine.SimulationEngineStateTransitionTest" time="0.039"/>
  <testcase name="exposedPersonBecomesInfectedOnlyAfterTheIncubationPeriodElapses" classname="com.episim.engine.SimulationEngineStateTransitionTest" time="0.011"/>
  <testcase name="infectedPersonDiesAfterInfectiousDaysWhenMortalityRateIsCertain" classname="com.episim.engine.SimulationEngineStateTransitionTest" time="0.009"/>
</testsuite>